<?xml version="1.0" encoding="UTF-8"?>
<testng-results skipped="0" failed="0" ignored="0" total="1" passed="1">
  <reporter-output>
  </reporter-output>
  <suite name="Default suite" duration-ms="7534" started-at="2020-08-05T13:37:17 IST" finished-at="2020-08-05T13:37:24 IST">
    <groups>
    </groups>
    <test name="Default test" duration-ms="7534" started-at="2020-08-05T13:37:17 IST" finished-at="2020-08-05T13:37:24 IST">
      <class name="testcases.TC_001">
        <test-method status="PASS" signature="testcase1()[pri:0, instance:testcases.TC_001@58a90037]" name="testcase1" duration-ms="7468" started-at="2020-08-05T13:37:17 IST" finished-at="2020-08-05T13:37:24 IST">
          <reporter-output>
          </reporter-output>
        </test-method> <!-- testcase1 -->
      </class> <!-- testcases.TC_001 -->
    </test> <!-- Default test -->
  </suite> <!-- Default suite -->
</testng-results>
